<?xml version="1.0" encoding="UTF-8"?>
<testsuite name="Test" tests="2" skipped="0" failures="0" errors="0" timestamp="2024-09-06T17:26:40" hostname="H795F6GPK2" time="0.015">
  <properties/>
  <testcase name="test()" classname="Test" time="0.013"/>
  <testcase name="test2()" classname="Test" time="0.001"/>
  <system-out><![CDATA[]]></system-out>
  <system-err><![CDATA[]]></system-err>
</testsuite>
